<?xml version="1.0" encoding="UTF-8"?>
<testsuite name="de.boatcorporation.gdxtesting.general.AssetTests" tests="14" skipped="0" failures="0" errors="0" timestamp="2022-05-02T17:08:44" hostname="Charlottes-MacBook-Pro.local" time="0.235">
  <properties/>
  <testcase name="MusicExists" classname="de.boatcorporation.gdxtesting.general.AssetTests" time="0.006"/>
  <testcase name="AtlasExists" classname="de.boatcorporation.gdxtesting.general.AssetTests" time="0.0"/>
  <testcase name="VanbrughShipExists" classname="de.boatcorporation.gdxtesting.general.AssetTests" time="0.0"/>
  <testcase name="OggSoundsExists" classname="de.boatcorporation.gdxtesting.general.AssetTests" time="0.0"/>
  <testcase name="ConstantineShipExists" classname="de.boatcorporation.gdxtesting.general.AssetTests" time="0.001"/>
  <testcase name="DerwentShipExists" classname="de.boatcorporation.gdxtesting.general.AssetTests" time="0.001"/>
  <testcase name="MiscPngExists" classname="de.boatcorporation.gdxtesting.general.AssetTests" time="0.001"/>
  <testcase name="CollegeDefeatExists" classname="de.boatcorporation.gdxtesting.general.AssetTests" time="0.0"/>
  <testcase name="HalifaxShipExists" classname="de.boatcorporation.gdxtesting.general.AssetTests" time="0.001"/>
  <testcase name="FontExists" classname="de.boatcorporation.gdxtesting.general.AssetTests" time="0.0"/>
  <testcase name="CollegeExists" classname="de.boatcorporation.gdxtesting.general.AssetTests" time="0.001"/>
  <testcase name="WeatherExists" classname="de.boatcorporation.gdxtesting.general.AssetTests" time="0.001"/>
  <testcase name="LangwithShipExists" classname="de.boatcorporation.gdxtesting.general.AssetTests" time="0.002"/>
  <testcase name="JsonExists" classname="de.boatcorporation.gdxtesting.general.AssetTests" time="0.002"/>
  <system-out><![CDATA[]]></system-out>
  <system-err><![CDATA[]]></system-err>
</testsuite>
